<?xml version="1.0" encoding="UTF-8"?>
<!-- Generated by org.testng.reporters.JUnitXMLReporter -->
<testsuite hostname="LAPTOP-FR81P7PN" ignored="0" name="Test" tests="4" failures="1" timestamp="2021-08-14T11:02:48 IST" time="0.135" errors="0">
  <testcase name="usernameValidation" time="0.023" classname="com.retry.com.Sample">
    <skipped/>
  </testcase> <!-- usernameValidation -->
  <testcase name="usernameValidation" time="0.003" classname="com.retry.com.Sample">
    <skipped/>
  </testcase> <!-- usernameValidation -->
  <testcase name="usernameValidation" time="0.002" classname="com.retry.com.Sample">
    <skipped/>
  </testcase> <!-- usernameValidation -->
  <testcase name="usernameValidation" time="0.001" classname="com.retry.com.Sample">
    <failure type="java.lang.AssertionError" message="expected [a] but found [A]">
      <![CDATA[java.lang.AssertionError: expected [a] but found [A]
at com.retry.com.Sample.usernameValidation(Sample.java:10)
at java.util.ArrayList.forEach(ArrayList.java:1257)
... Removed 31 stack frames]]>
    </failure>
  </testcase> <!-- usernameValidation -->
</testsuite> <!-- Test -->
