<?xml version="1.0" encoding="UTF-8" ?>
<testsuite tests="39" failures="3" name="TestSuite" time="63.585" errors="0" skipped="0">
  <properties>
[...]
</properties>
  <testcase classname="com.test.concepts.DataProviderTest" name="logIn" time="0.015"/>
  <testcase classname="com.test.concepts.DataProviderTest" name="logIn" time="0"/>
  <testcase classname="com.test.concepts.DataProviderTest" name="logIn" time="0.001"/>
  <testcase classname="com.test.concepts.DependencyTest" name="searchWatch" time="0.003"/>
  <testcase classname="com.test.concepts.DependencyTest" name="searchLaptop" time="0.001"/>
  <testcase classname="com.test.concepts.DependencyTest" name="searchMobile" time="0"/>
  <testcase classname="com.test.concepts.ExceptionTest" name="test" time="0.002"/>
  <testcase classname="com.test.concepts.GroupTest" name="APITest1" time="0"/>
  <testcase classname="com.test.concepts.GroupTest" name="APITest2" time="0.003"/>
  <testcase classname="com.test.concepts.GroupTest" name="git1" time="0"/>
  <testcase classname="com.test.concepts.GroupTest" name="git2" time="0"/>
  <testcase classname="com.test.concepts.GroupTest" name="seleniumTest1" time="0"/>
  <testcase classname="com.test.concepts.GroupTest" name="seleniumTest2" time="0.001"/>
  <testcase classname="com.test.concepts.IgnoreTest" name="searchTv" time="0.002"/>
  <testcase classname="com.test.concepts.InvocationTest" name="searchLaptop" time="0.001"/>
  <testcase classname="com.test.concepts.InvocationTest" name="searchLaptop" time="0.001"/>
  <testcase classname="com.test.concepts.InvocationTest" name="searchMobile" time="0"/>
  <testcase classname="com.test.concepts.InvocationTest" name="searchMobile" time="0.001"/>
  <testcase classname="com.test.concepts.InvocationTest" name="searchMobile" time="0"/>
  <testcase classname="com.test.concepts.InvocationTest" name="searchMobile" time="0"/>
  <testcase classname="com.test.concepts.InvocationTest" name="searchWatch" time="0.001"/>
  <testcase classname="com.test.concepts.ParallelTest" name="amazonTest" time="26.983"/>
  <testcase classname="com.test.concepts.ParallelTest" name="flipKart" time="16.774"/>
  <testcase classname="com.test.concepts.ParameterisedTest" name="logIn" time="16.786">
    <failure message="
Parameter &apos;password&apos; is required by @Test on method logIn but has not been marked @Optional or defined
" type="org.testng.TestNGException">org.testng.TestNGException: 
Parameter &apos;password&apos; is required by @Test on method logIn but has not been marked @Optional or defined

	at org.testng.internal.Parameters.createParams(Parameters.java:289)
	at org.testng.internal.Parameters.createParametersForMethod(Parameters.java:377)
	at org.testng.internal.Parameters.createParameters(Parameters.java:721)
	at org.testng.internal.Parameters.handleParameters(Parameters.java:895)
	at org.testng.internal.Parameters.handleParameters(Parameters.java:762)
	at org.testng.internal.ParameterHandler.handleParameters(ParameterHandler.java:60)
	at org.testng.internal.ParameterHandler.createParameters(ParameterHandler.java:39)
	at org.testng.internal.TestInvoker$MethodInvocationAgent.invoke(TestInvoker.java:771)
	at org.testng.internal.TestInvoker.invokeTestMethods(TestInvoker.java:145)
	at org.testng.internal.TestMethodWorker.invokeTestMethods(TestMethodWorker.java:146)
	at org.testng.internal.TestMethodWorker.run(TestMethodWorker.java:128)
	at java.util.ArrayList.forEach(ArrayList.java:1257)
	at org.testng.TestRunner.privateRun(TestRunner.java:770)
	at org.testng.TestRunner.run(TestRunner.java:591)
	at org.testng.SuiteRunner.runTest(SuiteRunner.java:402)
	at org.testng.SuiteRunner.runSequentially(SuiteRunner.java:396)
	at org.testng.SuiteRunner.privateRun(SuiteRunner.java:355)
	at org.testng.SuiteRunner.run(SuiteRunner.java:304)
	at org.testng.SuiteRunnerWorker.runSuite(SuiteRunnerWorker.java:53)
	at org.testng.SuiteRunnerWorker.run(SuiteRunnerWorker.java:96)
	at org.testng.TestNG.runSuitesSequentially(TestNG.java:1180)
	at org.testng.TestNG.runSuitesLocally(TestNG.java:1102)
	at org.testng.TestNG.runSuites(TestNG.java:1032)
	at org.testng.TestNG.run(TestNG.java:1000)
	at org.apache.maven.surefire.testng.TestNGExecutor.run(TestNGExecutor.java:77)
	at org.apache.maven.surefire.testng.TestNGDirectoryTestSuite.executeMulti(TestNGDirectoryTestSuite.java:159)
	at org.apache.maven.surefire.testng.TestNGDirectoryTestSuite.execute(TestNGDirectoryTestSuite.java:99)
	at org.apache.maven.surefire.testng.TestNGProvider.invoke(TestNGProvider.java:106)
	at sun.reflect.NativeMethodAccessorImpl.invoke0(Native Method)
	at sun.reflect.NativeMethodAccessorImpl.invoke(NativeMethodAccessorImpl.java:62)
	at sun.reflect.DelegatingMethodAccessorImpl.invoke(DelegatingMethodAccessorImpl.java:43)
	at java.lang.reflect.Method.invoke(Method.java:498)
	at org.apache.maven.surefire.util.ReflectionUtils.invokeMethodWithArray(ReflectionUtils.java:189)
	at org.apache.maven.surefire.booter.ProviderFactory$ProviderProxy.invoke(ProviderFactory.java:165)
	at org.apache.maven.surefire.booter.ProviderFactory.invokeProvider(ProviderFactory.java:85)
	at org.apache.maven.surefire.booter.ForkedBooter.runSuitesInProcess(ForkedBooter.java:115)
	at org.apache.maven.surefire.booter.ForkedBooter.main(ForkedBooter.java:75)
</failure>
    <system-err>[Utils] [ERROR] [Error] org.testng.TestNGException: 
Parameter &amp;apos;password&amp;apos; is required by @Test on method logIn but has not been marked @Optional or defined

	at org.testng.internal.Parameters.createParams(Parameters.java:289)
	at org.testng.internal.Parameters.createParametersForMethod(Parameters.java:377)
	at org.testng.internal.Parameters.createParameters(Parameters.java:721)
	at org.testng.internal.Parameters.handleParameters(Parameters.java:895)
	at org.testng.internal.Parameters.handleParameters(Parameters.java:762)
	at org.testng.internal.ParameterHandler.handleParameters(ParameterHandler.java:60)
	at org.testng.internal.ParameterHandler.createParameters(ParameterHandler.java:39)
	at org.testng.internal.TestInvoker$MethodInvocationAgent.invoke(TestInvoker.java:771)
	at org.testng.internal.TestInvoker.invokeTestMethods(TestInvoker.java:145)
	at org.testng.internal.TestMethodWorker.invokeTestMethods(TestMethodWorker.java:146)
	at org.testng.internal.TestMethodWorker.run(TestMethodWorker.java:128)
	at java.util.ArrayList.forEach(ArrayList.java:1257)
	at org.testng.TestRunner.privateRun(TestRunner.java:770)
	at org.testng.TestRunner.run(TestRunner.java:591)
	at org.testng.SuiteRunner.runTest(SuiteRunner.java:402)
	at org.testng.SuiteRunner.runSequentially(SuiteRunner.java:396)
	at org.testng.SuiteRunner.privateRun(SuiteRunner.java:355)
	at org.testng.SuiteRunner.run(SuiteRunner.java:304)
	at org.testng.SuiteRunnerWorker.runSuite(SuiteRunnerWorker.java:53)
	at org.testng.SuiteRunnerWorker.run(SuiteRunnerWorker.java:96)
	at org.testng.TestNG.runSuitesSequentially(TestNG.java:1180)
	at org.testng.TestNG.runSuitesLocally(TestNG.java:1102)
	at org.testng.TestNG.runSuites(TestNG.java:1032)
	at org.testng.TestNG.run(TestNG.java:1000)
	at org.apache.maven.surefire.testng.TestNGExecutor.run(TestNGExecutor.java:77)
	at org.apache.maven.surefire.testng.TestNGDirectoryTestSuite.executeMulti(TestNGDirectoryTestSuite.java:159)
	at org.apache.maven.surefire.testng.TestNGDirectoryTestSuite.execute(TestNGDirectoryTestSuite.java:99)
	at org.apache.maven.surefire.testng.TestNGProvider.invoke(TestNGProvider.java:106)
	at sun.reflect.NativeMethodAccessorImpl.invoke0(Native Method)
	at sun.reflect.NativeMethodAccessorImpl.invoke(NativeMethodAccessorImpl.java:62)
	at sun.reflect.DelegatingMethodAccessorImpl.invoke(DelegatingMethodAccessorImpl.java:43)
	at java.lang.reflect.Method.invoke(Method.java:498)
	at org.apache.maven.surefire.util.ReflectionUtils.invokeMethodWithArray(ReflectionUtils.java:189)
	at org.apache.maven.surefire.booter.ProviderFactory$ProviderProxy.invoke(ProviderFactory.java:165)
	at org.apache.maven.surefire.booter.ProviderFactory.invokeProvider(ProviderFactory.java:85)
	at org.apache.maven.surefire.booter.ForkedBooter.runSuitesInProcess(ForkedBooter.java:115)
	at org.apache.maven.surefire.booter.ForkedBooter.main(ForkedBooter.java:75)

</system-err>
  </testcase>
  <testcase classname="com.test.concepts.PriorityTest" name="searchLaptop" time="0"/>
  <testcase classname="com.test.concepts.PriorityTest" name="searchTv" time="0"/>
  <testcase classname="com.test.concepts.PriorityTest" name="searchFruits" time="0"/>
  <testcase classname="com.test.concepts.PriorityTest" name="searchWatch" time="0"/>
  <testcase classname="com.test.concepts.PriorityTest" name="searchMobile" time="0"/>
  <testcase classname="com.test.concepts.TimeOutTest" name="searchLaptop" time="2"/>
  <testcase classname="com.test.concepts.TimeOutTest" name="searchMobile" time="1.001"/>
  <testcase classname="com.testng.concepts.GroupTest" name="APITest1" time="0"/>
  <testcase classname="com.testng.concepts.GroupTest" name="APITest2" time="0.001"/>
  <testcase classname="com.testng.concepts.GroupTest" name="git1" time="0.001"/>
  <testcase classname="com.testng.concepts.GroupTest" name="git2" time="0"/>
  <testcase classname="com.testng.concepts.GroupTest" name="seleniumTest1" time="0"/>
  <testcase classname="com.testng.concepts.GroupTest" name="seleniumTest2" time="0.001"/>
  <testcase classname="com.testng.retryanalyser.SampleTest" name="homepageValidation" time="0.005">
    <failure message="expected [Balaji] but found [Bala]" type="java.lang.AssertionError">java.lang.AssertionError: expected [Balaji] but found [Bala]
	at org.testng.Assert.fail(Assert.java:97)
	at org.testng.Assert.assertEqualsImpl(Assert.java:136)
	at org.testng.Assert.assertEquals(Assert.java:118)
	at org.testng.Assert.assertEquals(Assert.java:575)
	at org.testng.Assert.assertEquals(Assert.java:585)
	at com.testng.retryanalyser.SampleTest.homepageValidation(SampleTest.java:18)
</failure>
    <system-out>HomePage Validation started
</system-out>
  </testcase>
  <testcase classname="com.testng.retryanalyser.SampleTest" name="usernameValidation" time="0.001">
    <failure message="expected [ArunKumar] but found [Arun]" type="java.lang.AssertionError">java.lang.AssertionError: expected [ArunKumar] but found [Arun]
	at org.testng.Assert.fail(Assert.java:97)
	at org.testng.Assert.assertEqualsImpl(Assert.java:136)
	at org.testng.Assert.assertEquals(Assert.java:118)
	at org.testng.Assert.assertEquals(Assert.java:575)
	at org.testng.Assert.assertEquals(Assert.java:585)
	at com.testng.retryanalyser.SampleTest.usernameValidation(SampleTest.java:12)
</failure>
    <system-out>Username Validation started
</system-out>
  </testcase>
</testsuite>