<?xml version="1.0" encoding="UTF-8"?>
<!-- Generated by org.testng.reporters.JUnitReportReporter -->
<testsuite skipped="0" hostname="LAPTOP-FR81P7PN" name="com.test.concepts.GroupTest" tests="4" failures="0" timestamp="2021-03-08T13:01:43 IST" time="0.010" errors="0">
  <testcase name="seleniumTest2" time="0.001" classname="com.test.concepts.GroupTest"/>
  <testcase name="APITest1" time="0.008" classname="com.test.concepts.GroupTest"/>
  <testcase name="APITest2" time="0.001" classname="com.test.concepts.GroupTest"/>
  <testcase name="seleniumTest1" time="0.000" classname="com.test.concepts.GroupTest"/>
</testsuite> <!-- com.test.concepts.GroupTest -->
